<?xml version="1.0" encoding="UTF-8"?>
<testsuite name="com.pragmatic.selenide.LoginTest" tests="8" skipped="0" failures="0" errors="0" timestamp="2020-02-18T04:17:58" hostname="192.168.1.4" time="19.733">
  <properties/>
  <testcase name="testInvalidUserLoginWithBlankUsernameAndPassword" classname="com.pragmatic.selenide.LoginTest" time="0.489"/>
  <testcase name="testInvalidUserLoginWithDDT[0](, , Username cannot be empty)" classname="com.pragmatic.selenide.LoginTest" time="0.29"/>
  <testcase name="testInvalidUserLoginWithDDT[1](, Ptl@#321, Username cannot be empty)" classname="com.pragmatic.selenide.LoginTest" time="0.459"/>
  <testcase name="testInvalidUserLoginWithDDT[2](Admin, , Password cannot be empty)" classname="com.pragmatic.selenide.LoginTest" time="0.356"/>
  <testcase name="testInvalidUserLoginWithDDT[3](Admin, ptl@#321, Invalid credentials)" classname="com.pragmatic.selenide.LoginTest" time="1.433"/>
  <testcase name="testInvalidUserLoginWithDDT[4](Admin, pTL@#321, Invalid credentials)" classname="com.pragmatic.selenide.LoginTest" time="1.357"/>
  <testcase name="testInvalidUserLoginWithDDT[5](Admin, PTL@#321, Invalid credentials)" classname="com.pragmatic.selenide.LoginTest" time="1.402"/>
  <testcase name="testValidUserLogin" classname="com.pragmatic.selenide.LoginTest" time="3.58"/>
  <system-out><![CDATA[]]></system-out>
  <system-err><![CDATA[Starting ChromeDriver 79.0.3945.36 (3582db32b33893869b8c1339e8f4d9ed1816f143-refs/branch-heads/3945@{#614}) on port 15753
Only local connections are allowed.
Please protect ports used by ChromeDriver and related test frameworks to prevent access by malicious code.
Feb 18, 2020 9:47:52 AM org.openqa.selenium.remote.ProtocolHandshake createSession
INFO: Detected dialect: W3C
]]></system-err>
</testsuite>
